1531967837405	geckodriver	INFO	geckodriver 0.19.0
1531967837435	geckodriver	INFO	Listening on 127.0.0.1:12269
1531967840511	mozrunner::runner	INFO	Running command: "D:\\Program Files\\Mozilla Firefox\\firefox.exe" "-marionette" "-profile" "D:\\Personal\\Temp\\rust_mozprofile.WXLTQWAUx1zm"
1531967842307	Marionette	INFO	Enabled via --marionette
1531967847246	Marionette	INFO	Listening on port 12278
1531967847321	Marionette	INFO	Listening on port 12278
1531967847969	Marionette	WARN	TLS certificate errors will be ignored for this session
1531967848026	Marionette	DEBUG	loaded listener.js
1531967848165	Marionette	DEBUG	Received DOM event "beforeunload" for "about:blank"
1531967848407	Marionette	DEBUG	Received DOM event "pagehide" for "about:blank"
1531967848407	Marionette	DEBUG	Received DOM event "unload" for "about:blank"
Unable to read VR Path Registry from C:\Users\think\AppData\Local\openvr\openvrpaths.vrpath
JavaScript error: https://ss1.bdstatic.com/5eN1bjq8AAUYm2zgoY3K/r/www/cache/static/protocol/https/plugins/every_cookie_4644b13.js, line 4: ReferenceError: c is not defined
1531967849966	Marionette	DEBUG	Received DOM event "DOMContentLoaded" for "https://www.baidu.com/"
1531967850097	Marionette	DEBUG	Received DOM event "pageshow" for "https://www.baidu.com/"
Unable to read VR Path Registry from C:\Users\think\AppData\Local\openvr\openvrpaths.vrpath
[GPU 12772] WARNING: pipe error: 109: file c:/builds/moz2_slave/m-rel-w64-00000000000000000000/build/src/ipc/chromium/src/chrome/common/ipc_channel_win.cc, line 346
[GPU 12772] WARNING: pipe error: 109: file c:/builds/moz2_slave/m-rel-w64-00000000000000000000/build/src/ipc/chromium/src/chrome/common/ipc_channel_win.cc, line 346
Unable to read VR Path Registry from C:\Users\think\AppData\Local\openvr\openvrpaths.vrpath
[Parent 13432] WARNING: pipe error: 109: file c:/builds/moz2_slave/m-rel-w64-00000000000000000000/build/src/ipc/chromium/src/chrome/common/ipc_channel_win.cc, line 346
[GPU 12772] WARNING: pipe error: 109: file c:/builds/moz2_slave/m-rel-w64-00000000000000000000/build/src/ipc/chromium/src/chrome/common/ipc_channel_win.cc, line 346

###!!! [Child][MessageChannel::SendAndWait] Error: Channel error: cannot send/recv

00000000000000000000/build/src/ipc/chromium/src/chrome/common/ipc_channel_win.cc, line 346
1531967909560	Marionette	INFO	Listening on port 12338
1531967909588	Marionette	INFO	Listening on port 12338
1531967909829	Marionette	WARN	TLS certificate errors will be ignored for this session
1531967909882	Marionette	DEBUG	loaded listener.js
1531967910063	Marionette	DEBUG	Received DOM event "beforeunload" for "about:blank"
1531967910524	Marionette	DEBUG	Received DOM event "pagehide" for "about:blank"
1531967910525	Marionette	DEBUG	Received DOM event "unload" for "about:blank"
1531967910727	Marionette	DEBUG	Received DOM event "DOMContentLoaded" for "http://localhost:8032/mymovie/admin.php/Login/index.html"
1531967910795	Marionette	DEBUG	Received DOM event "pageshow" for "http://localhost:8032/mymovie/admin.php/Login/index.html"
[GPU 7304] WARNING: pipe error: 109: file c:/builds/moz2_slave/m-rel-w64-00000000000000000000/build/src/ipc/chromium/src/chrome/common/ipc_channel_win.cc, line 346
[GPU 7304] WARNING: pipe error: 109: file c:/builds/moz2_slave/m-rel-w64-00000000000000000000/build/src/ipc/chromium/src/chrome/common/ipc_channel_win.cc, line 346
Unable to read VR Path Registry from C:\Users\think\AppData\Local\openvr\openvrpaths.vrpath
[Parent 1648] WARNING: pipe error: 109: file c:/builds/moz2_slave/m-rel-w64-00000000000000000000/build/src/ipc/chromium/src/chrome/common/ipc_channel_win.cc, line 346
[GPU 7304] WARNING: pipe error: 109: file c:/builds/moz2_slave/m-rel-w64-00000000000000000000/build/src/ipc/chromium/src/chrome/common/ipc_channel_win.cc, line 346

###!!! [Child][MessageChannel::SendAndWait] Error: Channel error: cannot send/recv

ner.js
1531968015920	Marionette	DEBUG	Received DOM event "beforeunload" for "about:blank"
1531968016293	Marionette	DEBUG	Received DOM event "pagehide" for "about:blank"
1531968016294	Marionette	DEBUG	Received DOM event "unload" for "about:blank"
1531968016555	Marionette	DEBUG	Received DOM event "DOMContentLoaded" for "http://localhost:8032/mymovie/admin.php/Login/index.html"
1531968016601	Marionette	DEBUG	Received DOM event "pageshow" for "http://localhost:8032/mymovie/admin.php/Login/index.html"
[GPU 7064] WARNING: pipe error: 109: file c:/builds/moz2_slave/m-rel-w64-00000000000000000000/build/src/ipc/chromium/src/chrome/common/ipc_channel_win.cc, line 346
[GPU 7064] WARNING: pipe error: 109: file c:/builds/moz2_slave/m-rel-w64-00000000000000000000/build/src/ipc/chromium/src/chrome/common/ipc_channel_win.cc, line 346
Unable to read VR Path Registry from C:\Users\think\AppData\Local\openvr\openvrpaths.vrpath
[Child 15664] WARNING: pipe error: 109: file c:/builds/moz2_slave/m-rel-w64-00000000000000000000/build/src/ipc/chromium/src/chrome/common/ipc_channel_win.cc, line 346
[Child 15664] WARNING: pipe error: 109: file c:/builds/moz2_slave/m-rel-w64-00000000000000000000/build/src/ipc/chromium/src/chrome/common/ipc_channel_win.cc, line 346

###!!! [Child][MessageChannel::SendAndWait] Error: Channel error: cannot send/recv

Unable to read VR Path Registry from C:\Users\think\AppData\Local\openvr\openvrpaths.vrpath
ll be ignored for this session
1531968100263	Marionette	DEBUG	loaded listener.js
Unable to read VR Path Registry from C:\Users\think\AppData\Local\openvr\openvrpaths.vrpath
[Parent 14072] WARNING: pipe error: 109: file c:/builds/moz2_slave/m-rel-w64-00000000000000000000/build/src/ipc/chromium/src/chrome/common/ipc_channel_win.cc, line 346

###!!! [Child][MessageChannel::SendAndWait] Error: Channel error: cannot send/recv

le to read VR Path Registry from C:\Users\think\AppData\Local\openvr\openvrpaths.vrpath
[GPU 17252] WARNING: pipe error: 109: file c:/builds/moz2_slave/m-rel-w64-00000000000000000000/build/src/ipc/chromium/src/chrome/common/ipc_channel_win.cc, line 346
Unable to read VR Path Registry from C:\Users\think\AppData\Local\openvr\openvrpaths.vrpath
[Child 17376] WARNING: pipe error: 109: file c:/builds/moz2_slave/m-rel-w64-00000000000000000000/build/src/ipc/chromium/src/chrome/common/ipc_channel_win.cc, line 346
[Child 17376] WARNING: pipe error: 109: file c:/builds/moz2_slave/m-rel-w64-00000000000000000000/build/src/ipc/chromium/src/chrome/common/ipc_channel_win.cc, line 346
1531968174515	Marionette	INFO	Listening on port 12507
1531968174536	Marionette	INFO	Listening on port 12507
1531968174763	Marionette	WARN	TLS certificate errors will be ignored for this session
1531968174821	Marionette	DEBUG	loaded listener.js
1531968174988	Marionette	DEBUG	Received DOM event "beforeunload" for "about:blank"
1531968175384	Marionette	DEBUG	Received DOM event "pagehide" for "about:blank"
1531968175384	Marionette	DEBUG	Received DOM event "unload" for "about:blank"
1531968175609	Marionette	DEBUG	Received DOM event "DOMContentLoaded" for "http://localhost:8032/mymovie/admin.php/Login/index.html"
1531968175707	Marionette	DEBUG	Received DOM event "pageshow" for "http://localhost:8032/mymovie/admin.php/Login/index.html"
1531968175986	Marionette	DEBUG	Received DOM event "beforeunload" for "http://localhost:8032/mymovie/admin.php/Login/index.html"
1531968177076	Marionette	DEBUG	Received DOM event "pagehide" for "http://localhost:8032/mymovie/admin.php/Login/index.html"
1531968177077	Marionette	DEBUG	Received DOM event "unload" for "http://localhost:8032/mymovie/admin.php/Login/index.html"
1531968177367	Marionette	DEBUG	Received DOM event "DOMContentLoaded" for "http://localhost:8032/mymovie/admin.php/Index/index.html"
1531968177486	Marionette	DEBUG	Received DOM event "pageshow" for "http://localhost:8032/mymovie/admin.php/Index/index.html"
[GPU 17252] WARNING: pipe error: 109: file c:/builds/moz2_slave/m-rel-w64-00000000000000000000/build/src/ipc/chromium/src/chrome/common/ipc_channel_win.cc, line 346
[GPU 17252] WARNING: pipe error: 109: file c:/builds/moz2_slave/m-rel-w64-00000000000000000000/build/src/ipc/chromium/src/chrome/common/ipc_channel_win.cc, line 346
Unable to read VR Path Registry from C:\Users\think\AppData\Local\openvr\openvrpaths.vrpath
[Child 12640] WARNING: pipe error: 109: file c:/builds/moz2_slave/m-rel-w64-00000000000000000000/build/src/ipc/chromium/src/chrome/common/ipc_channel_win.cc, line 346
[Child 12640] WARNING: pipe error: 109: file c:/builds/moz2_slave/m-rel-w64-00000000000000000000/build/src/ipc/chromium/src/chrome/common/ipc_channel_win.cc, line 346
[GPU 17252] WARNING: pipe error: 109: file c:/builds/moz2_slave/m-rel-w64-00000000000000000000/build/src/ipc/chromium/src/chrome/common/ipc_channel_win.cc, line 346

###!!! [Child][MessageChannel::SendAndWait] Error: Channel error: cannot send/recv

Unable to read VR Path Registry from C:\Users\think\AppData\Local\openvr\openvrpaths.vrpath
JavaScript error: resource://gre/modules/osfile/osfile_async_front.jsm, line 395: Error: OS.File has been shut down. Rejecting post to stat
tte	DEBUG	Received DOM event "pageshow" for "http://localhost:8032/mymovie/admin.php/Login/index.html"
1531968214306	Marionette	DEBUG	Received DOM event "beforeunload" for "http://localhost:8032/mymovie/admin.php/Login/index.html"
1531968215103	Marionette	DEBUG	Received DOM event "pagehide" for "http://localhost:8032/mymovie/admin.php/Login/index.html"
1531968215104	Marionette	DEBUG	Received DOM event "unload" for "http://localhost:8032/mymovie/admin.php/Login/index.html"
1531968215481	Marionette	DEBUG	Received DOM event "DOMContentLoaded" for "http://localhost:8032/mymovie/admin.php/Index/index.html"
1531968215918	Marionette	DEBUG	Received DOM event "pageshow" for "http://localhost:8032/mymovie/admin.php/Index/index.html"
1531968219042	Marionette	DEBUG	Received DOM event "beforeunload" for "http://localhost:8032/mymovie/admin.php/Index/index.html"
1531968219387	Marionette	DEBUG	Received DOM event "pagehide" for "http://localhost:8032/mymovie/admin.php/Index/index.html"
1531968219388	Marionette	DEBUG	Received DOM event "unload" for "http://localhost:8032/mymovie/admin.php/Index/index.html"
1531968219488	Marionette	DEBUG	Received DOM event "DOMContentLoaded" for "http://localhost:8032/mymovie/admin.php/Login/index.html"
1531968219506	Marionette	DEBUG	Received DOM event "pageshow" for "http://localhost:8032/mymovie/admin.php/Login/index.html"
1531968219550	Marionette	INFO	New connections will no longer be accepted
[GPU 13364] WARNING: pipe error: 109: file c:/builds/moz2_slave/m-rel-w64-00000000000000000000/build/src/ipc/chromium/src/chrome/common/ipc_channel_win.cc, line 346
[GPU 13364] WARNING: pipe error: 109: file c:/builds/moz2_slave/m-rel-w64-00000000000000000000/build/src/ipc/chromium/src/chrome/common/ipc_channel_win.cc, line 346
1532432241536	geckodriver	INFO	geckodriver 0.19.0
1532432241566	geckodriver	INFO	Listening on 127.0.0.1:22252
1532432244616	mozrunner::runner	INFO	Running command: "D:\\Program Files\\Mozilla Firefox\\firefox.exe" "-marionette" "-profile" "D:\\Personal\\Temp\\rust_mozprofile.in08SVdbhx5n"
1532432246914	Marionette	INFO	Enabled via --marionette
Unable to read VR Path Registry from C:\Users\think\AppData\Local\openvr\openvrpaths.vrpath
[GPU 13256] WARNING: pipe error: 109: file c:/builds/moz2_slave/m-rel-w64-00000000000000000000/build/src/ipc/chromium/src/chrome/common/ipc_channel_win.cc, line 346
Unable to read VR Path Registry from C:\Users\think\AppData\Local\openvr\openvrpaths.vrpath
[Child 18324] WARNING: pipe error: 109: file c:/builds/moz2_slave/m-rel-w64-00000000000000000000/build/src/ipc/chromium/src/chrome/common/ipc_channel_win.cc, line 346
[Child 18324] WARNING: pipe error: 109: file c:/builds/moz2_slave/m-rel-w64-00000000000000000000/build/src/ipc/chromium/src/chrome/common/ipc_channel_win.cc, line 346
1532432251915	Marionette	INFO	Listening on port 22261
1532432251925	Marionette	INFO	Listening on port 22261
1532432252861	Marionette	WARN	TLS certificate errors will be ignored for this session
1532432252911	Marionette	DEBUG	loaded listener.js
1532432253032	Marionette	DEBUG	Received DOM event "beforeunload" for "about:blank"
1532432253345	Marionette	DEBUG	Received DOM event "pagehide" for "about:blank"
1532432253345	Marionette	DEBUG	Received DOM event "unload" for "about:blank"
1532432253658	Marionette	DEBUG	Received DOM event "DOMContentLoaded" for "http://localhost:8032/mymovie/admin.php/Login/index.html"
1532432253728	Marionette	DEBUG	Received DOM event "pageshow" for "http://localhost:8032/mymovie/admin.php/Login/index.html"
1532432253950	Marionette	DEBUG	Received DOM event "beforeunload" for "http://localhost:8032/mymovie/admin.php/Login/index.html"
1532432255027	Marionette	DEBUG	Received DOM event "pagehide" for "http://localhost:8032/mymovie/admin.php/Login/index.html"
1532432255028	Marionette	DEBUG	Received DOM event "unload" for "http://localhost:8032/mymovie/admin.php/Login/index.html"
1532432255240	Marionette	DEBUG	Received DOM event "DOMContentLoaded" for "http://localhost:8032/mymovie/admin.php/Index/index.html"
1532432255456	Marionette	DEBUG	Received DOM event "pageshow" for "http://localhost:8032/mymovie/admin.php/Index/index.html"
1532432258539	Marionette	DEBUG	Received DOM event "beforeunload" for "http://localhost:8032/mymovie/admin.php/Index/index.html"
1532432258825	Marionette	DEBUG	Received DOM event "pagehide" for "http://localhost:8032/mymovie/admin.php/Index/index.html"
1532432258825	Marionette	DEBUG	Received DOM event "unload" for "http://localhost:8032/mymovie/admin.php/Index/index.html"
1532432258903	Marionette	DEBUG	Received DOM event "DOMContentLoaded" for "http://localhost:8032/mymovie/admin.php/Login/index.html"
1532432258919	Marionette	DEBUG	Received DOM event "pageshow" for "http://localhost:8032/mymovie/admin.php/Login/index.html"
1532432258934	Marionette	INFO	New connections will no longer be accepted
